<?xml version="1.0" encoding="UTF-8"?>
<testng-results skipped="0" failed="0" ignored="0" total="2" passed="2">
  <reporter-output>
  </reporter-output>
  <suite name="SampleSuit" duration-ms="118679" started-at="2022-08-19T06:47:48Z" finished-at="2022-08-19T06:49:47Z">
    <groups>
    </groups>
    <test name="SampleTest" duration-ms="118679" started-at="2022-08-19T06:47:48Z" finished-at="2022-08-19T06:49:47Z">
      <class name="selenium.WeatherInIndianCity">
        <test-method status="PASS" signature="launchBrowser()[pri:0, instance:selenium.WeatherInIndianCity@ff5b51f]" name="launchBrowser" is-config="true" duration-ms="104260" started-at="2022-08-19T06:47:48Z" finished-at="2022-08-19T06:49:32Z">
          <reporter-output>
          </reporter-output>
        </test-method> <!-- launchBrowser -->
        <test-method status="PASS" signature="searchCity()[pri:1, instance:selenium.WeatherInIndianCity@ff5b51f]" name="searchCity" duration-ms="3779" started-at="2022-08-19T06:49:32Z" finished-at="2022-08-19T06:49:36Z">
          <reporter-output>
          </reporter-output>
        </test-method> <!-- searchCity -->
        <test-method status="PASS" signature="temperature()[pri:2, instance:selenium.WeatherInIndianCity@ff5b51f]" name="temperature" duration-ms="847" started-at="2022-08-19T06:49:36Z" finished-at="2022-08-19T06:49:37Z">
          <reporter-output>
          </reporter-output>
        </test-method> <!-- temperature -->
        <test-method status="PASS" signature="closeBrowser()[pri:0, instance:selenium.WeatherInIndianCity@ff5b51f]" name="closeBrowser" is-config="true" duration-ms="9503" started-at="2022-08-19T06:49:37Z" finished-at="2022-08-19T06:49:47Z">
          <reporter-output>
          </reporter-output>
        </test-method> <!-- closeBrowser -->
      </class> <!-- selenium.WeatherInIndianCity -->
    </test> <!-- SampleTest -->
  </suite> <!-- SampleSuit -->
</testng-results>
