<?xml version="1.0" encoding="UTF-8"?>
<testng-results skipped="1" failed="0" ignored="0" total="2" passed="1">
  <reporter-output>
  </reporter-output>
  <suite name="SampleSuit" duration-ms="33369" started-at="2022-08-19T04:11:44Z" finished-at="2022-08-19T04:12:17Z">
    <groups>
    </groups>
    <test name="SampleTest" duration-ms="33369" started-at="2022-08-19T04:11:44Z" finished-at="2022-08-19T04:12:17Z">
      <class name="selenium.WeatherInIndianCity">
        <test-method status="PASS" signature="launchBrowser()[pri:0, instance:selenium.WeatherInIndianCity@ff5b51f]" name="launchBrowser" is-config="true" duration-ms="25451" started-at="2022-08-19T04:11:44Z" finished-at="2022-08-19T04:12:09Z">
          <reporter-output>
          </reporter-output>
        </test-method> <!-- launchBrowser -->
        <test-method status="PASS" signature="searchCity()[pri:1, instance:selenium.WeatherInIndianCity@ff5b51f]" name="searchCity" duration-ms="6010" started-at="2022-08-19T04:12:09Z" finished-at="2022-08-19T04:12:15Z">
          <reporter-output>
          </reporter-output>
        </test-method> <!-- searchCity -->
        <test-method status="SKIP" signature="temperature()[pri:2, instance:selenium.WeatherInIndianCity@ff5b51f]" name="temperature" duration-ms="12" started-at="2022-08-19T04:12:15Z" finished-at="2022-08-19T04:12:15Z">
          <exception class="org.testng.SkipException">
            <message>
              <![CDATA[Couldnot fetch the Weather Condition of Tumkur]]>
            </message>
            <full-stacktrace>
              <![CDATA[org.testng.SkipException: Couldnot fetch the Weather Condition of Tumkur
at selenium.WeatherInIndianCity.temperature(WeatherInIndianCity.java:70)
at sun.reflect.NativeMethodAccessorImpl.invoke0(Native Method)
at sun.reflect.NativeMethodAccessorImpl.invoke(Unknown Source)
at sun.reflect.DelegatingMethodAccessorImpl.invoke(Unknown Source)
at java.lang.reflect.Method.invoke(Unknown Source)
at org.testng.internal.MethodInvocationHelper.invokeMethod(MethodInvocationHelper.java:124)
at org.testng.internal.Invoker.invokeMethod(Invoker.java:583)
at org.testng.internal.Invoker.invokeTestMethod(Invoker.java:719)
at org.testng.internal.Invoker.invokeTestMethods(Invoker.java:989)
at org.testng.internal.TestMethodWorker.invokeTestMethods(TestMethodWorker.java:125)
at org.testng.internal.TestMethodWorker.run(TestMethodWorker.java:109)
at org.testng.TestRunner.privateRun(TestRunner.java:648)
at org.testng.TestRunner.run(TestRunner.java:505)
at org.testng.SuiteRunner.runTest(SuiteRunner.java:455)
at org.testng.SuiteRunner.runSequentially(SuiteRunner.java:450)
at org.testng.SuiteRunner.privateRun(SuiteRunner.java:415)
at org.testng.SuiteRunner.run(SuiteRunner.java:364)
at org.testng.SuiteRunnerWorker.runSuite(SuiteRunnerWorker.java:52)
at org.testng.SuiteRunnerWorker.run(SuiteRunnerWorker.java:84)
at org.testng.TestNG.runSuitesSequentially(TestNG.java:1208)
at org.testng.TestNG.runSuitesLocally(TestNG.java:1137)
at org.testng.TestNG.runSuites(TestNG.java:1049)
at org.testng.TestNG.run(TestNG.java:1017)
at org.testng.remote.AbstractRemoteTestNG.run(AbstractRemoteTestNG.java:114)
at org.testng.remote.RemoteTestNG.initAndRun(RemoteTestNG.java:251)
at org.testng.remote.RemoteTestNG.main(RemoteTestNG.java:77)
]]>
            </full-stacktrace>
          </exception> <!-- org.testng.SkipException -->
          <reporter-output>
          </reporter-output>
        </test-method> <!-- temperature -->
        <test-method status="PASS" signature="closeBrowser()[pri:0, instance:selenium.WeatherInIndianCity@ff5b51f]" name="closeBrowser" is-config="true" duration-ms="1820" started-at="2022-08-19T04:12:15Z" finished-at="2022-08-19T04:12:17Z">
          <reporter-output>
          </reporter-output>
        </test-method> <!-- closeBrowser -->
      </class> <!-- selenium.WeatherInIndianCity -->
    </test> <!-- SampleTest -->
  </suite> <!-- SampleSuit -->
</testng-results>
