<?xml version="1.0" encoding="UTF-8"?>
<!-- Generated by org.testng.reporters.JUnitXMLReporter -->
<testsuite hostname="DESKTOP-4HN2E6B" ignored="1" name="SampleTest(failed)(failed)" tests="1" failures="0" timestamp="19 Aug 2022 00:58:28 GMT" time="56.156" errors="0">
  <testcase name="temperature" time="2.019" classname="selenium.WeatherInIndianCity"/>
  <testcase name="searchCity" time="0.0" classname="selenium.WeatherInIndianCity">
    <ignored/>
  </testcase> <!-- searchCity -->
</testsuite> <!-- SampleTest(failed)(failed) -->
